TN:
SF:src\index.ts
FNF:0
FNH:0
DA:1,1
DA:2,1
DA:3,1
DA:4,1
DA:5,1
DA:6,1
DA:7,1
DA:8,1
DA:9,1
DA:10,1
DA:11,1
DA:12,1
DA:13,1
DA:14,1
DA:15,1
LF:15
LH:15
BRF:0
BRH:0
end_of_record
TN:
SF:src\components\Badge.tsx
FN:17,Badge
FNF:1
FNH:0
FNDA:0,Badge
DA:2,1
DA:9,1
DA:10,1
DA:11,1
DA:12,1
DA:13,1
DA:14,1
DA:15,1
DA:17,1
DA:18,0
DA:19,0
DA:20,0
DA:21,0
DA:22,0
DA:23,0
DA:24,0
DA:25,0
DA:26,0
DA:27,0
DA:29,0
DA:30,0
LF:21
LH:9
BRF:0
BRH:0
end_of_record
TN:
SF:src\components\Button.tsx
FNF:0
FNH:0
DA:1,1
DA:2,1
DA:3,1
DA:15,1
DA:16,1
DA:17,1
DA:18,1
DA:19,1
DA:20,1
DA:21,1
DA:22,1
DA:23,1
DA:25,1
DA:26,1
DA:27,1
DA:28,1
DA:29,1
DA:34,1
DA:35,1
DA:36,3
DA:37,3
DA:38,3
DA:39,3
DA:40,3
DA:41,3
DA:42,3
DA:43,3
DA:44,3
DA:45,3
DA:46,3
DA:48,3
DA:49,3
DA:50,3
DA:51,3
DA:52,3
DA:53,3
DA:54,3
DA:55,3
DA:56,3
DA:57,3
DA:58,3
DA:60,3
DA:61,3
DA:62,3
DA:63,3
DA:64,0
DA:65,0
DA:66,0
DA:67,0
DA:68,3
DA:69,3
DA:71,1
DA:73,1
LF:53
LH:49
BRDA:35,0,0,3
BRDA:60,1,0,0
BRDA:63,2,0,0
BRF:3
BRH:1
end_of_record
TN:
SF:src\components\Card.tsx
FN:9,Card
FNF:1
FNH:0
FNDA:0,Card
DA:2,1
DA:9,1
DA:10,0
DA:11,0
DA:12,0
DA:13,0
DA:14,0
DA:15,0
DA:16,0
DA:17,0
DA:18,0
DA:19,0
DA:20,0
DA:21,0
DA:23,0
DA:24,0
DA:25,0
DA:26,0
LF:18
LH:2
BRF:0
BRH:0
end_of_record
TN:
SF:src\components\EmptyState.tsx
FN:10,EmptyState
FNF:1
FNH:0
FNDA:0,EmptyState
DA:10,1
DA:11,0
DA:12,0
DA:13,0
DA:14,0
DA:15,0
DA:16,0
LF:7
LH:1
BRF:0
BRH:0
end_of_record
TN:
SF:src\components\ErrorBoundary.tsx
FN:19,haveResetKeysChanged
FN:23,<instance_members_initializer>
FN:49,render
FNF:3
FNH:0
FNDA:0,haveResetKeysChanged
FNDA:0,<instance_members_initializer>
FNDA:0,render
DA:1,1
DA:19,1
DA:20,0
DA:22,1
DA:23,1
DA:24,0
DA:25,0
DA:27,0
DA:28,0
DA:29,0
DA:31,0
DA:32,0
DA:33,0
DA:35,0
DA:36,0
DA:37,0
DA:38,0
DA:40,0
DA:41,0
DA:42,0
DA:43,0
DA:45,0
DA:46,0
DA:47,0
DA:49,1
DA:50,0
DA:51,0
DA:52,0
DA:54,0
DA:55,0
DA:56,0
DA:57,0
DA:58,0
DA:59,0
DA:61,0
DA:62,0
DA:63,1
LF:37
LH:6
BRDA:23,0,0,0
BRF:1
BRH:0
end_of_record
TN:
SF:src\components\Input.tsx
FNF:0
FNH:0
DA:1,1
DA:2,1
DA:9,1
DA:10,0
DA:11,0
DA:12,0
DA:13,0
DA:14,0
DA:15,0
DA:16,0
DA:17,0
DA:18,0
DA:19,0
DA:20,0
DA:21,0
DA:22,0
DA:23,0
DA:24,1
DA:26,1
LF:19
LH:5
BRF:0
BRH:0
end_of_record
TN:
SF:src\components\MobileDrawer.tsx
FN:13,MobileDrawer
FN:22,handleKeyDown
FN:42,onPointerDown
FNF:3
FNH:2
FNDA:1,MobileDrawer
FNDA:0,handleKeyDown
FNDA:1,onPointerDown
DA:1,1
DA:2,1
DA:3,1
DA:13,1
DA:14,1
DA:16,1
DA:17,1
DA:18,0
DA:19,0
DA:21,1
DA:22,1
DA:23,0
DA:24,0
DA:25,0
DA:26,0
DA:28,1
DA:29,1
DA:31,1
DA:32,0
DA:33,0
DA:34,0
DA:35,1
DA:37,1
DA:39,1
DA:40,1
DA:41,1
DA:42,1
DA:43,1
DA:44,0
DA:45,0
DA:47,1
DA:48,1
DA:50,1
DA:52,1
DA:53,1
DA:54,1
DA:55,1
DA:56,1
DA:58,1
DA:59,1
DA:60,1
DA:61,1
DA:62,1
DA:63,1
DA:65,1
DA:66,1
DA:67,1
DA:68,1
DA:69,1
DA:70,1
DA:71,1
DA:72,1
DA:73,1
DA:74,1
DA:75,1
LF:55
LH:44
BRDA:13,0,0,1
BRDA:37,1,0,0
BRDA:55,2,0,0
BRDA:16,3,0,1
BRDA:17,4,0,0
BRDA:42,5,0,1
BRDA:43,6,0,0
BRF:7
BRH:3
end_of_record
TN:
SF:src\components\Modal.tsx
FN:92,isValidRect
FN:103,clamp
FN:105,buildMorphState
FN:124,Modal
FN:152,isBackdropPointerDown
FN:170,handleKeyDown
FN:413,onPointerDown
FNF:7
FNH:4
FNDA:4,isValidRect
FNDA:0,clamp
FNDA:0,buildMorphState
FNDA:8,Modal
FNDA:2,isBackdropPointerDown
FNDA:0,handleKeyDown
FNDA:2,onPointerDown
DA:1,1
DA:2,1
DA:3,1
DA:4,1
DA:5,1
DA:6,1
DA:42,1
DA:43,1
DA:44,1
DA:45,1
DA:46,1
DA:47,1
DA:70,1
DA:71,1
DA:72,1
DA:73,1
DA:75,1
DA:76,1
DA:77,1
DA:78,1
DA:80,1
DA:81,1
DA:82,1
DA:83,1
DA:84,1
DA:85,1
DA:86,1
DA:87,1
DA:88,1
DA:89,1
DA:90,1
DA:92,1
DA:93,4
DA:94,4
DA:95,2
DA:96,2
DA:97,2
DA:98,2
DA:99,2
DA:100,2
DA:101,4
DA:103,1
DA:105,1
DA:106,0
DA:107,0
DA:108,0
DA:110,0
DA:111,0
DA:112,0
DA:113,0
DA:115,0
DA:116,0
DA:117,0
DA:118,0
DA:119,0
DA:120,0
DA:121,0
DA:122,0
DA:124,1
DA:125,8
DA:126,8
DA:127,8
DA:128,8
DA:129,8
DA:130,8
DA:131,8
DA:132,8
DA:133,8
DA:134,8
DA:135,8
DA:136,8
DA:137,8
DA:138,8
DA:139,8
DA:140,8
DA:141,8
DA:142,8
DA:143,8
DA:144,8
DA:145,8
DA:146,8
DA:147,8
DA:148,8
DA:149,8
DA:150,8
DA:152,8
DA:153,2
DA:154,0
DA:155,0
DA:157,2
DA:158,2
DA:160,8
DA:161,2
DA:162,8
DA:164,8
DA:165,3
DA:166,1
DA:167,1
DA:169,2
DA:170,2
DA:171,0
DA:172,0
DA:173,0
DA:174,0
DA:176,2
DA:177,2
DA:178,2
DA:179,2
DA:181,2
DA:182,1
DA:183,1
DA:184,1
DA:185,1
DA:186,1
DA:187,8
DA:189,8
DA:190,3
DA:191,1
DA:192,1
DA:193,1
DA:194,1
DA:195,1
DA:197,2
DA:198,2
DA:199,2
DA:200,2
DA:201,2
DA:202,2
DA:203,2
DA:204,2
DA:205,2
DA:206,2
DA:208,3
DA:209,2
DA:210,2
DA:211,2
DA:212,2
DA:213,2
DA:214,2
DA:216,0
DA:217,3
DA:218,3
DA:219,3
DA:220,3
DA:221,3
DA:222,3
DA:223,3
DA:224,3
DA:225,3
DA:226,3
DA:227,3
DA:228,3
DA:229,3
DA:230,3
DA:231,0
DA:232,0
DA:233,0
DA:234,0
DA:235,0
DA:236,0
DA:237,0
DA:238,0
DA:239,0
DA:240,0
DA:241,0
DA:242,0
DA:243,3
DA:244,3
DA:245,0
DA:246,0
DA:247,0
DA:248,0
DA:249,0
DA:250,0
DA:252,0
DA:253,0
DA:254,0
DA:255,0
DA:256,0
DA:257,0
DA:258,0
DA:259,0
DA:260,0
DA:261,3
DA:262,3
DA:263,3
DA:264,3
DA:265,3
DA:266,3
DA:267,3
DA:268,3
DA:269,3
DA:270,3
DA:271,3
DA:272,3
DA:273,8
DA:275,8
DA:276,6
DA:277,4
DA:278,4
DA:280,2
DA:281,2
DA:282,2
DA:283,2
DA:284,2
DA:285,2
DA:286,2
DA:287,2
DA:288,2
DA:289,2
DA:290,2
DA:291,2
DA:292,2
DA:294,2
DA:295,8
DA:297,8
DA:298,4
DA:299,4
DA:301,8
DA:302,8
DA:303,8
DA:304,8
DA:305,8
DA:306,0
DA:307,0
DA:308,0
DA:309,0
DA:310,0
DA:311,0
DA:312,4
DA:313,8
DA:314,0
DA:315,0
DA:316,0
DA:317,0
DA:318,0
DA:319,0
DA:320,0
DA:321,0
DA:322,0
DA:323,0
DA:324,0
DA:325,0
DA:326,0
DA:327,0
DA:328,0
DA:329,0
DA:330,0
DA:331,0
DA:332,0
DA:333,0
DA:334,0
DA:335,4
DA:336,0
DA:337,4
DA:338,4
DA:339,4
DA:340,4
DA:341,4
DA:342,4
DA:343,4
DA:344,4
DA:345,4
DA:346,4
DA:347,4
DA:348,4
DA:349,4
DA:350,4
DA:351,4
DA:352,4
DA:353,4
DA:354,4
DA:355,4
DA:356,4
DA:358,8
DA:359,8
DA:360,8
DA:361,2
DA:362,2
DA:363,2
DA:364,0
DA:365,2
DA:366,2
DA:367,2
DA:368,2
DA:369,2
DA:370,2
DA:371,2
DA:372,2
DA:373,0
DA:374,2
DA:375,0
DA:376,2
DA:378,2
DA:379,2
DA:380,0
DA:381,2
DA:382,0
DA:383,2
DA:385,2
DA:386,2
DA:387,0
DA:388,2
DA:389,0
DA:390,0
DA:391,0
DA:392,0
DA:393,2
DA:394,2
DA:395,2
DA:396,2
DA:397,2
DA:399,2
DA:400,2
DA:401,0
DA:402,2
DA:403,2
DA:404,0
DA:405,0
DA:406,0
DA:407,2
DA:408,0
DA:409,2
DA:410,2
DA:411,2
DA:413,2
DA:414,2
DA:415,1
DA:416,1
DA:417,2
DA:419,2
DA:420,2
DA:421,2
DA:422,2
DA:423,2
DA:424,2
DA:425,2
DA:426,0
DA:427,0
DA:428,0
DA:429,0
DA:430,0
DA:431,0
DA:432,0
DA:433,0
DA:434,0
DA:435,0
DA:436,0
DA:437,0
DA:438,2
DA:439,0
DA:440,2
DA:442,2
DA:443,2
DA:444,2
DA:445,2
DA:446,2
DA:447,2
DA:448,2
DA:449,2
DA:450,2
DA:451,2
DA:452,2
DA:453,2
DA:454,2
DA:455,2
DA:457,2
DA:458,2
DA:459,2
DA:460,2
DA:461,2
DA:462,2
DA:463,2
DA:464,2
DA:465,0
DA:466,2
DA:467,2
DA:468,2
DA:469,2
DA:470,2
DA:471,2
DA:473,2
DA:474,2
DA:475,2
DA:476,2
DA:477,2
DA:478,2
DA:479,2
DA:480,8
DA:481,8
DA:482,8
DA:483,8
LF:392
LH:286
BRDA:92,0,0,4
BRDA:94,1,0,2
BRDA:95,2,0,2
BRDA:96,3,0,2
BRDA:97,4,0,2
BRDA:98,5,0,2
BRDA:99,6,0,0
BRDA:99,7,0,2
BRDA:100,8,0,0
BRDA:124,9,0,8
BRDA:297,10,0,4
BRDA:302,11,0,0
BRDA:303,12,0,2
BRDA:303,13,0,2
BRDA:303,14,0,1
BRDA:304,15,0,4
BRDA:305,16,0,3
BRDA:305,17,0,0
BRDA:311,18,0,4
BRDA:313,19,0,0
BRDA:334,20,0,4
BRDA:335,21,0,0
BRDA:360,22,0,2
BRDA:363,23,0,0
BRDA:372,24,0,0
BRDA:374,25,0,0
BRDA:379,26,0,0
BRDA:381,27,0,0
BRDA:386,28,0,0
BRDA:388,29,0,0
BRDA:400,30,0,0
BRDA:403,31,0,0
BRDA:407,32,0,0
BRDA:422,33,0,0
BRDA:422,34,0,0
BRDA:423,35,0,0
BRDA:423,36,0,0
BRDA:425,37,0,0
BRDA:438,38,0,0
BRDA:442,39,0,0
BRDA:447,40,0,0
BRDA:464,41,0,0
BRDA:469,42,0,0
BRDA:478,43,0,2
BRDA:152,44,0,2
BRDA:153,45,0,0
BRDA:160,46,0,2
BRDA:164,47,0,3
BRDA:165,48,0,1
BRDA:167,49,0,2
BRDA:181,50,0,1
BRDA:189,51,0,3
BRDA:190,52,0,1
BRDA:195,53,0,2
BRDA:208,54,0,1
BRDA:208,55,0,2
BRDA:214,56,0,0
BRDA:217,57,0,0
BRDA:230,58,0,0
BRDA:236,59,0,0
BRDA:244,60,0,0
BRDA:259,61,0,0
BRDA:275,62,0,6
BRDA:276,63,0,4
BRDA:276,64,0,4
BRDA:278,65,0,2
BRDA:280,66,0,2
BRDA:290,67,0,0
BRDA:294,68,0,1
BRDA:413,69,0,2
BRDA:414,70,0,1
BRF:71
BRH:37
end_of_record
TN:
SF:src\components\ProgressStepper.tsx
FN:9,ProgressStepper
FNF:1
FNH:0
FNDA:0,ProgressStepper
DA:1,1
DA:9,1
DA:10,0
DA:11,0
DA:12,0
DA:13,0
DA:14,0
DA:16,0
DA:17,0
DA:19,0
DA:20,0
DA:21,0
DA:22,0
DA:23,0
DA:24,0
DA:25,0
DA:27,0
DA:28,0
DA:29,0
DA:30,0
DA:31,0
DA:32,0
DA:34,0
DA:35,0
DA:36,0
DA:39,0
DA:40,0
DA:41,0
DA:42,0
DA:43,0
DA:44,0
DA:45,0
DA:46,0
DA:47,0
DA:49,0
DA:51,0
DA:52,0
DA:54,0
LF:38
LH:2
BRF:0
BRH:0
end_of_record
TN:
SF:src\components\QuantityStepper.tsx
FN:12,QuantityStepper
FNF:1
FNH:0
FNDA:0,QuantityStepper
DA:1,1
DA:12,1
DA:13,0
DA:14,0
DA:15,0
DA:16,0
DA:17,0
DA:18,0
DA:19,0
DA:20,0
DA:21,0
DA:22,0
DA:24,0
DA:25,0
DA:26,0
DA:28,0
DA:29,0
DA:30,0
DA:31,0
DA:32,0
DA:33,0
DA:34,0
DA:36,0
DA:37,0
DA:39,0
DA:40,0
DA:41,0
DA:43,0
DA:44,0
DA:45,0
DA:46,0
DA:47,0
DA:49,0
DA:50,0
DA:51,0
DA:53,0
LF:36
LH:2
BRF:0
BRH:0
end_of_record
TN:
SF:src\components\SectionHeading.tsx
FN:11,SectionHeading
FNF:1
FNH:0
FNDA:0,SectionHeading
DA:11,1
DA:12,0
DA:13,0
DA:14,0
DA:15,0
DA:16,0
DA:17,0
DA:18,0
DA:19,0
DA:20,0
DA:21,0
DA:22,0
DA:23,0
DA:24,0
DA:25,0
DA:26,0
DA:27,0
DA:28,0
DA:29,0
DA:32,0
DA:33,0
DA:34,0
DA:35,0
DA:36,0
DA:37,0
DA:38,0
DA:39,0
DA:40,0
DA:41,0
LF:29
LH:1
BRF:0
BRH:0
end_of_record
TN:
SF:src\components\Skeleton.tsx
FN:7,Skeleton
FNF:1
FNH:0
FNDA:0,Skeleton
DA:1,1
DA:7,1
DA:8,0
DA:9,0
DA:10,0
DA:11,0
LF:6
LH:2
BRF:0
BRH:0
end_of_record
TN:
SF:src\components\StarRating.tsx
FN:10,StarRating
FNF:1
FNH:0
FNDA:0,StarRating
DA:1,1
DA:10,1
DA:11,0
DA:12,0
DA:13,0
DA:14,0
DA:15,0
DA:17,0
DA:18,0
DA:19,0
DA:20,0
DA:22,0
DA:23,0
DA:24,0
DA:25,0
DA:26,0
DA:27,0
DA:29,0
DA:30,0
DA:31,0
DA:33,0
DA:34,0
DA:36,0
LF:23
LH:2
BRF:0
BRH:0
end_of_record
TN:
SF:src\components\TableShell.tsx
FN:14,TableShell
FNF:1
FNH:0
FNDA:0,TableShell
DA:2,1
DA:14,1
DA:15,0
DA:16,0
DA:17,0
DA:18,0
DA:19,0
DA:20,0
DA:21,0
DA:22,0
DA:23,0
DA:24,0
DA:25,0
DA:26,0
DA:27,0
DA:29,0
DA:30,0
DA:31,0
DA:32,0
DA:33,0
DA:34,0
DA:35,0
DA:36,0
DA:37,0
DA:39,0
DA:40,0
DA:41,0
DA:42,0
DA:43,0
DA:44,0
LF:30
LH:2
BRF:0
BRH:0
end_of_record
TN:
SF:src\components\Textarea.tsx
FNF:0
FNH:0
DA:1,1
DA:2,1
DA:9,1
DA:10,0
DA:11,0
DA:12,0
DA:13,0
DA:14,0
DA:15,0
DA:16,0
DA:17,0
DA:18,0
DA:19,0
DA:20,0
DA:21,0
DA:22,0
DA:23,0
DA:24,1
DA:26,1
LF:19
LH:5
BRF:0
BRH:0
end_of_record
